This is pdfTeX, Version 3.141592653-2.6-1.40.26 (TeX Live 2024) (preloaded format=pdflatex 2024.10.30)  21 AUG 2025 14:03
entering extended mode
 restricted \write18 enabled.
 file:line:error style messages enabled.
 %&-line parsing enabled.
**c:/Users/rcpsi/OneDrive/Documents/GitHub/disciplinas_tools/disciplinas_bia/disciplinas_bacharelado_IA.tex
(c:/Users/rcpsi/OneDrive/Documents/GitHub/disciplinas_tools/disciplinas_bia/disciplinas_bacharelado_IA.tex
LaTeX2e <2024-06-01> patch level 2
L3 programming layer <2024-10-09>
(c:/texlive/2024/texmf-dist/tex/latex/base/article.cls
Document Class: article 2024/02/08 v1.4n Standard LaTeX document class
(c:/texlive/2024/texmf-dist/tex/latex/base/size11.clo
File: size11.clo 2024/02/08 v1.4n Standard LaTeX file (size option)
)
\c@part=\count194
\c@section=\count195
\c@subsection=\count196
\c@subsubsection=\count197
\c@paragraph=\count198
\c@subparagraph=\count199
\c@figure=\count266
\c@table=\count267
\abovecaptionskip=\skip49
\belowcaptionskip=\skip50
\bibindent=\dimen141
) (c:/texlive/2024/texmf-dist/tex/latex/base/inputenc.sty
Package: inputenc 2024/02/08 v1.3d Input encoding file
\inpenc@prehook=\toks17
\inpenc@posthook=\toks18
) (c:/texlive/2024/texmf-dist/tex/latex/base/fontenc.sty
Package: fontenc 2021/04/29 v2.0v Standard LaTeX package
) (c:/texlive/2024/texmf-dist/tex/generic/babel/babel.sty
Package: babel 2024/10/20 v24.12 The multilingual framework for pdfLaTeX, LuaLaTeX and XeLaTeX
\babel@savecnt=\count268
\U@D=\dimen142
\l@unhyphenated=\language89
 (c:/texlive/2024/texmf-dist/tex/generic/babel/txtbabel.def)
\bbl@readstream=\read2
\bbl@dirlevel=\count269
 (c:/texlive/2024/texmf-dist/tex/generic/babel-portuges/brazil.ldf
Language: portuges 2021/07/09 v1.2t Portuguese support from the babel system
Package babel Info: Hyphen rules for 'brazil' set to \l@portuguese
(babel)             (\language72). Reported on input line 111.
Package babel Info: Making " an active character on input line 143.
)) (c:/texlive/2024/texmf-dist/tex/latex/geometry/geometry.sty
Package: geometry 2020/01/02 v5.9 Page Geometry
 (c:/texlive/2024/texmf-dist/tex/latex/graphics/keyval.sty
Package: keyval 2022/05/29 v1.15 key=value parser (DPC)
\KV@toks@=\toks19
) (c:/texlive/2024/texmf-dist/tex/generic/iftex/ifvtex.sty
Package: ifvtex 2019/10/25 v1.7 ifvtex legacy package. Use iftex instead.
 (c:/texlive/2024/texmf-dist/tex/generic/iftex/iftex.sty
Package: iftex 2022/02/03 v1.0f TeX engine tests
))
\Gm@cnth=\count270
\Gm@cntv=\count271
\c@Gm@tempcnt=\count272
\Gm@bindingoffset=\dimen143
\Gm@wd@mp=\dimen144
\Gm@odd@mp=\dimen145
\Gm@even@mp=\dimen146
\Gm@layoutwidth=\dimen147
\Gm@layoutheight=\dimen148
\Gm@layouthoffset=\dimen149
\Gm@layoutvoffset=\dimen150
\Gm@dimlist=\toks20
) (c:/texlive/2024/texmf-dist/tex/latex/tools/longtable.sty
Package: longtable 2024-04-26 v4.20 Multi-page Table package (DPC)
\LTleft=\skip51
\LTright=\skip52
\LTpre=\skip53
\LTpost=\skip54
\LTchunksize=\count273
\LTcapwidth=\dimen151
\LT@head=\box52
\LT@firsthead=\box53
\LT@foot=\box54
\LT@lastfoot=\box55
\LT@gbox=\box56
\LT@cols=\count274
\LT@rows=\count275
\c@LT@tables=\count276
\c@LT@chunks=\count277
\LT@p@ftn=\toks21
) (c:/texlive/2024/texmf-dist/tex/latex/graphics/graphicx.sty
Package: graphicx 2021/09/16 v1.2d Enhanced LaTeX Graphics (DPC,SPQR)
 (c:/texlive/2024/texmf-dist/tex/latex/graphics/graphics.sty
Package: graphics 2024/05/23 v1.4g Standard LaTeX Graphics (DPC,SPQR)
 (c:/texlive/2024/texmf-dist/tex/latex/graphics/trig.sty
Package: trig 2023/12/02 v1.11 sin cos tan (DPC)
) (c:/texlive/2024/texmf-dist/tex/latex/graphics-cfg/graphics.cfg
File: graphics.cfg 2016/06/04 v1.11 sample graphics configuration
)
Package graphics Info: Driver file: pdftex.def on input line 106.
 (c:/texlive/2024/texmf-dist/tex/latex/graphics-def/pdftex.def
File: pdftex.def 2024/04/13 v1.2c Graphics/color driver for pdftex
))
\Gin@req@height=\dimen152
\Gin@req@width=\dimen153
) (c:/texlive/2024/texmf-dist/tex/latex/multirow/multirow.sty
Package: multirow 2021/03/15 v2.8 Span multiple rows of a table
\multirow@colwidth=\skip55
\multirow@cntb=\count278
\multirow@dima=\skip56
\bigstrutjot=\dimen154
) (c:/texlive/2024/texmf-dist/tex/latex/enumitem/enumitem.sty
Package: enumitem 2019/06/20 v3.9 Customized lists
\labelindent=\skip57
\enit@outerparindent=\dimen155
\enit@toks=\toks22
\enit@inbox=\box57
\enit@count@id=\count279
\enitdp@description=\count280
) (c:/texlive/2024/texmf-dist/tex/latex/tools/tabularx.sty
Package: tabularx 2023/12/11 v2.12a `tabularx' package (DPC)
 (c:/texlive/2024/texmf-dist/tex/latex/tools/array.sty
Package: array 2024/06/14 v2.6d Tabular extension package (FMi)
\col@sep=\dimen156
\ar@mcellbox=\box58
\extrarowheight=\dimen157
\NC@list=\toks23
\extratabsurround=\skip58
\backup@length=\skip59
\ar@cellbox=\box59
)
\TX@col@width=\dimen158
\TX@old@table=\dimen159
\TX@old@col=\dimen160
\TX@target=\dimen161
\TX@delta=\dimen162
\TX@cols=\count281
\TX@ftn=\toks24
) (c:/texlive/2024/texmf-dist/tex/latex/setspace/setspace.sty
Package: setspace 2022/12/04 v6.7b set line spacing
) (c:/texlive/2024/texmf-dist/tex/latex/ragged2e/ragged2e.sty
Package: ragged2e 2023/06/22 v3.6 ragged2e Package
\CenteringLeftskip=\skip60
\RaggedLeftLeftskip=\skip61
\RaggedRightLeftskip=\skip62
\CenteringRightskip=\skip63
\RaggedLeftRightskip=\skip64
\RaggedRightRightskip=\skip65
\CenteringParfillskip=\skip66
\RaggedLeftParfillskip=\skip67
\RaggedRightParfillskip=\skip68
\JustifyingParfillskip=\skip69
\CenteringParindent=\skip70
\RaggedLeftParindent=\skip71
\RaggedRightParindent=\skip72
\JustifyingParindent=\skip73
) (c:/texlive/2024/texmf-dist/tex/latex/l3backend/l3backend-pdftex.def
File: l3backend-pdftex.def 2024-05-08 L3 backend support: PDF output (pdfTeX)
\l__color_backend_stack_int=\count282
\l__pdf_internal_box=\box60
) (./disciplinas_bacharelado_IA.aux)
\openout1 = `disciplinas_bacharelado_IA.aux'.

LaTeX Font Info:    Checking defaults for OML/cmm/m/it on input line 14.
LaTeX Font Info:    ... okay on input line 14.
LaTeX Font Info:    Checking defaults for OMS/cmsy/m/n on input line 14.
LaTeX Font Info:    ... okay on input line 14.
LaTeX Font Info:    Checking defaults for OT1/cmr/m/n on input line 14.
LaTeX Font Info:    ... okay on input line 14.
LaTeX Font Info:    Checking defaults for T1/cmr/m/n on input line 14.
LaTeX Font Info:    ... okay on input line 14.
LaTeX Font Info:    Checking defaults for TS1/cmr/m/n on input line 14.
LaTeX Font Info:    ... okay on input line 14.
LaTeX Font Info:    Checking defaults for OMX/cmex/m/n on input line 14.
LaTeX Font Info:    ... okay on input line 14.
LaTeX Font Info:    Checking defaults for U/cmr/m/n on input line 14.
LaTeX Font Info:    ... okay on input line 14.

*geometry* driver: auto-detecting
*geometry* detected driver: pdftex
*geometry* verbose mode - [ preamble ] result:
* driver: pdftex
* paper: a4paper
* layout: <same size as paper>
* layoutoffset:(h,v)=(0.0pt,0.0pt)
* modes: 
* h-part:(L,W,R)=(56.9055pt, 483.69687pt, 56.9055pt)
* v-part:(T,H,B)=(56.9055pt, 731.23584pt, 56.9055pt)
* \paperwidth=597.50787pt
* \paperheight=845.04684pt
* \textwidth=483.69687pt
* \textheight=731.23584pt
* \oddsidemargin=-15.36449pt
* \evensidemargin=-15.36449pt
* \topmargin=-52.36449pt
* \headheight=12.0pt
* \headsep=25.0pt
* \topskip=11.0pt
* \footskip=30.0pt
* \marginparwidth=59.0pt
* \marginparsep=10.0pt
* \columnsep=10.0pt
* \skip\footins=10.0pt plus 4.0pt minus 2.0pt
* \hoffset=0.0pt
* \voffset=0.0pt
* \mag=1000
* \@twocolumnfalse
* \@twosidefalse
* \@mparswitchfalse
* \@reversemarginfalse
* (1in=72.27pt=25.4mm, 1cm=28.453pt)

(c:/texlive/2024/texmf-dist/tex/context/base/mkii/supp-pdf.mkii
[Loading MPS to PDF converter (version 2006.09.02).]
\scratchcounter=\count283
\scratchdimen=\dimen163
\scratchbox=\box61
\nofMPsegments=\count284
\nofMParguments=\count285
\everyMPshowfont=\toks25
\MPscratchCnt=\count286
\MPscratchDim=\dimen164
\MPnumerator=\count287
\makeMPintoPDFobject=\count288
\everyMPtoPDFconversion=\toks26
) (c:/texlive/2024/texmf-dist/tex/latex/epstopdf-pkg/epstopdf-base.sty
Package: epstopdf-base 2020-01-24 v2.11 Base part for package epstopdf
Package epstopdf-base Info: Redefining graphics rule for `.eps' on input line 485.
 (c:/texlive/2024/texmf-dist/tex/latex/latexconfig/epstopdf-sys.cfg
File: epstopdf-sys.cfg 2010/07/13 v1.3 Configuration of (r)epstopdf for TeX Live
))
LaTeX Font Info:    External font `cmex10' loaded for size
(Font)              <10.95> on input line 16.
LaTeX Font Info:    External font `cmex10' loaded for size
(Font)              <8> on input line 16.
LaTeX Font Info:    External font `cmex10' loaded for size
(Font)              <6> on input line 16.
<brasao.png, id=1, 435.12563pt x 440.39531pt>
File: brasao.png Graphic file (type png)
<use brasao.png>
Package pdftex.def Info: brasao.png  used on input line 17.
(pdftex.def)             Requested size: 75.90245pt x 76.82234pt.

Overfull \vbox (33.9827pt too high) detected at line 17
 []

<ufop.png, id=3, 232.61906pt x 435.87843pt>
File: ufop.png Graphic file (type png)
<use ufop.png>
Package pdftex.def Info: ufop.png  used on input line 19.
(pdftex.def)             Requested size: 40.99644pt x 76.82234pt.

Overfull \vbox (33.9827pt too high) detected at line 19
 []


Overfull \hbox (21.54718pt too wide) in alignment at lines 27--89
 [] [] [] [] 
 []

[1

{c:/texlive/2024/texmf-var/fonts/map/pdftex/updmap/pdftex.map}{c:/texlive/2024/texmf-dist/fonts/enc/dvips/cm-super/cm-super-t1.enc}{c:/texlive/2024/texmf-dist/fonts/enc/dvips/cm-super/cm-super-ts1.enc} <./brasao.png> <./ufop.png>]

[2]
File: brasao.png Graphic file (type png)
<use brasao.png>
Package pdftex.def Info: brasao.png  used on input line 95.
(pdftex.def)             Requested size: 75.90245pt x 76.82234pt.

Overfull \vbox (33.9827pt too high) detected at line 95
 []

File: ufop.png Graphic file (type png)
<use ufop.png>
Package pdftex.def Info: ufop.png  used on input line 97.
(pdftex.def)             Requested size: 40.99644pt x 76.82234pt.

Overfull \vbox (33.9827pt too high) detected at line 97
 []


Underfull \hbox (badness 1509) in paragraph at lines 155--155
\T1/cmr/m/n/10.95 ló-gica e crí-tica. 1. ed. Cam-pi-nas: Pa-pi-rus, 2013. E-book. Dis-po-ní-vel em:
 []


Underfull \hbox (badness 3514) in paragraph at lines 155--155
[]\T1/cmr/m/n/10.95 MEDEIROS, Lu-ci-ano Fron-tino de. In-te-li-gên-cia ar-ti-fi-cial apli-cada: uma abor-da-
 []


Underfull \hbox (badness 2941) in paragraph at lines 155--155
\T1/cmr/m/n/10.95 gem in-tro-du-tó-ria. Cu-ri-tiba, PR: In-ter-sa-be-res, 2018. E-book. Dis-po-ní-vel em:
 []


Overfull \hbox (21.54718pt too wide) in alignment at lines 105--166
 [] [] [] [] 
 []

[3

]

[4]
File: brasao.png Graphic file (type png)
<use brasao.png>
Package pdftex.def Info: brasao.png  used on input line 172.
(pdftex.def)             Requested size: 75.90245pt x 76.82234pt.

Overfull \vbox (33.9827pt too high) detected at line 172
 []

File: ufop.png Graphic file (type png)
<use ufop.png>
Package pdftex.def Info: ufop.png  used on input line 174.
(pdftex.def)             Requested size: 40.99644pt x 76.82234pt.

Overfull \vbox (33.9827pt too high) detected at line 174
 []


Underfull \hbox (badness 3514) in paragraph at lines 233--233
[]\T1/cmr/m/n/10.95 MEDEIROS, Lu-ci-ano Fron-tino de. In-te-li-gên-cia ar-ti-fi-cial apli-cada: uma abor-da-
 []


Underfull \hbox (badness 2941) in paragraph at lines 233--233
\T1/cmr/m/n/10.95 gem in-tro-du-tó-ria. Cu-ri-tiba, PR: In-ter-sa-be-res, 2018. E-book. Dis-po-ní-vel em:
 []


Underfull \hbox (badness 1107) in paragraph at lines 242--242
[]\T1/cmr/m/n/10.95 DIAS, Ana Fran-cisca Pinto et al. (org.). Os di-rei-tos hu-ma-nos e a ética na era
 []


Underfull \hbox (badness 1917) in paragraph at lines 242--242
\T1/cmr/m/n/10.95 da in-te-li-gên-cia ar-ti-fi-cial. In-dai-a-tuba, SP: Foco, 2023. E-book. Dis-po-ní-vel em:
 []


Overfull \hbox (21.54718pt too wide) in alignment at lines 182--244
 [] [] [] [] 
 []

[5

]

[6]
File: brasao.png Graphic file (type png)
<use brasao.png>
Package pdftex.def Info: brasao.png  used on input line 250.
(pdftex.def)             Requested size: 75.90245pt x 76.82234pt.

Overfull \vbox (33.9827pt too high) detected at line 250
 []

File: ufop.png Graphic file (type png)
<use ufop.png>
Package pdftex.def Info: ufop.png  used on input line 252.
(pdftex.def)             Requested size: 40.99644pt x 76.82234pt.

Overfull \vbox (33.9827pt too high) detected at line 252
 []


Underfull \hbox (badness 3514) in paragraph at lines 320--320
[]\T1/cmr/m/n/10.95 MEDEIROS, Lu-ci-ano Fron-tino de. In-te-li-gên-cia ar-ti-fi-cial apli-cada: uma abor-da-
 []


Underfull \hbox (badness 2941) in paragraph at lines 320--320
\T1/cmr/m/n/10.95 gem in-tro-du-tó-ria. Cu-ri-tiba, PR: In-ter-sa-be-res, 2018. E-book. Dis-po-ní-vel em:
 []


Underfull \hbox (badness 1107) in paragraph at lines 320--320
[]\T1/cmr/m/n/10.95 DIAS, Ana Fran-cisca Pinto et al. (org.). Os di-rei-tos hu-ma-nos e a ética na era
 []


Underfull \hbox (badness 1917) in paragraph at lines 320--320
\T1/cmr/m/n/10.95 da in-te-li-gên-cia ar-ti-fi-cial. In-dai-a-tuba, SP: Foco, 2023. E-book. Dis-po-ní-vel em:
 []


Overfull \hbox (21.54718pt too wide) in alignment at lines 260--322
 [] [] [] [] 
 []

[7

]

[8]
File: brasao.png Graphic file (type png)
<use brasao.png>
Package pdftex.def Info: brasao.png  used on input line 328.
(pdftex.def)             Requested size: 75.90245pt x 76.82234pt.

Overfull \vbox (33.9827pt too high) detected at line 328
 []

File: ufop.png Graphic file (type png)
<use ufop.png>
Package pdftex.def Info: ufop.png  used on input line 330.
(pdftex.def)             Requested size: 40.99644pt x 76.82234pt.

Overfull \vbox (33.9827pt too high) detected at line 330
 []


Overfull \hbox (21.54718pt too wide) in alignment at lines 338--400
 [] [] [] [] 
 []

[9

]

[10]
File: brasao.png Graphic file (type png)
<use brasao.png>
Package pdftex.def Info: brasao.png  used on input line 406.
(pdftex.def)             Requested size: 75.90245pt x 76.82234pt.

Overfull \vbox (33.9827pt too high) detected at line 406
 []

File: ufop.png Graphic file (type png)
<use ufop.png>
Package pdftex.def Info: ufop.png  used on input line 408.
(pdftex.def)             Requested size: 40.99644pt x 76.82234pt.

Overfull \vbox (33.9827pt too high) detected at line 408
 []


Overfull \hbox (21.54718pt too wide) in alignment at lines 416--480
 [] [] [] [] 
 []

[11

]

[12]
File: brasao.png Graphic file (type png)
<use brasao.png>
Package pdftex.def Info: brasao.png  used on input line 486.
(pdftex.def)             Requested size: 75.90245pt x 76.82234pt.

Overfull \vbox (33.9827pt too high) detected at line 486
 []

File: ufop.png Graphic file (type png)
<use ufop.png>
Package pdftex.def Info: ufop.png  used on input line 488.
(pdftex.def)             Requested size: 40.99644pt x 76.82234pt.

Overfull \vbox (33.9827pt too high) detected at line 488
 []


Underfull \hbox (badness 1642) in paragraph at lines 556--556
\T1/cmr/m/n/10.95 cos de da-dos. 6. ed. São Paulo: Pe-ar-son, 2013. E-book. Dis-po-ní-vel em:
 []


Overfull \hbox (21.54718pt too wide) in alignment at lines 496--558
 [] [] [] [] 
 []

[13

]

[14]
File: brasao.png Graphic file (type png)
<use brasao.png>
Package pdftex.def Info: brasao.png  used on input line 564.
(pdftex.def)             Requested size: 75.90245pt x 76.82234pt.

Overfull \vbox (33.9827pt too high) detected at line 564
 []

File: ufop.png Graphic file (type png)
<use ufop.png>
Package pdftex.def Info: ufop.png  used on input line 566.
(pdftex.def)             Requested size: 40.99644pt x 76.82234pt.

Overfull \vbox (33.9827pt too high) detected at line 566
 []


Underfull \hbox (badness 1389) in paragraph at lines 625--625
[]\T1/cmr/m/n/10.95 GERON, Au-ré-lien. Mãos à obra: apren-di-zado de má-quina com Scikit-Learn, Ke-
 []


Overfull \hbox (21.54718pt too wide) in alignment at lines 574--636
 [] [] [] [] 
 []

[15

]

[16]
File: brasao.png Graphic file (type png)
<use brasao.png>
Package pdftex.def Info: brasao.png  used on input line 642.
(pdftex.def)             Requested size: 75.90245pt x 76.82234pt.

Overfull \vbox (33.9827pt too high) detected at line 642
 []

File: ufop.png Graphic file (type png)
<use ufop.png>
Package pdftex.def Info: ufop.png  used on input line 644.
(pdftex.def)             Requested size: 40.99644pt x 76.82234pt.

Overfull \vbox (33.9827pt too high) detected at line 644
 []


Underfull \hbox (badness 1389) in paragraph at lines 703--703
[]\T1/cmr/m/n/10.95 GERON, Au-ré-lien. Mãos à obra: apren-di-zado de má-quina com Scikit-Learn, Ke-
 []


Overfull \hbox (21.54718pt too wide) in alignment at lines 652--714
 [] [] [] [] 
 []

[17

]

[18]
File: brasao.png Graphic file (type png)
<use brasao.png>
Package pdftex.def Info: brasao.png  used on input line 720.
(pdftex.def)             Requested size: 75.90245pt x 76.82234pt.

Overfull \vbox (33.9827pt too high) detected at line 720
 []

File: ufop.png Graphic file (type png)
<use ufop.png>
Package pdftex.def Info: ufop.png  used on input line 722.
(pdftex.def)             Requested size: 40.99644pt x 76.82234pt.

Overfull \vbox (33.9827pt too high) detected at line 722
 []


Underfull \hbox (badness 1048) in paragraph at lines 781--781
[]\T1/cmr/m/n/10.95 MARCONI, Ma-rina de An-drade; LA-KA-TOS, Eva Ma-ria. Fun-da-men-tos de me-to-do-
 []


Underfull \hbox (badness 2142) in paragraph at lines 781--781
\T1/cmr/m/n/10.95 lo-gia ci-en-tí-fica. 8. ed. São Paulo: Atlas, 2017. E-book. Dis-po-ní-vel em:
 []


Underfull \hbox (badness 1107) in paragraph at lines 781--781
[]\T1/cmr/m/n/10.95 DIAS, Ana Fran-cisca Pinto et al. (org.). Os di-rei-tos hu-ma-nos e a ética na era
 []


Underfull \hbox (badness 1917) in paragraph at lines 781--781
\T1/cmr/m/n/10.95 da in-te-li-gên-cia ar-ti-fi-cial. In-dai-a-tuba, SP: Foco, 2023. E-book. Dis-po-ní-vel em:
 []


Overfull \hbox (21.54718pt too wide) in alignment at lines 730--792
 [] [] [] [] 
 []

[19

]

[20]
File: brasao.png Graphic file (type png)
<use brasao.png>
Package pdftex.def Info: brasao.png  used on input line 798.
(pdftex.def)             Requested size: 75.90245pt x 76.82234pt.

Overfull \vbox (33.9827pt too high) detected at line 798
 []

File: ufop.png Graphic file (type png)
<use ufop.png>
Package pdftex.def Info: ufop.png  used on input line 800.
(pdftex.def)             Requested size: 40.99644pt x 76.82234pt.

Overfull \vbox (33.9827pt too high) detected at line 800
 []


Overfull \hbox (21.54718pt too wide) in alignment at lines 808--870
 [] [] [] [] 
 []

[21

]

[22]
File: brasao.png Graphic file (type png)
<use brasao.png>
Package pdftex.def Info: brasao.png  used on input line 876.
(pdftex.def)             Requested size: 75.90245pt x 76.82234pt.

Overfull \vbox (33.9827pt too high) detected at line 876
 []

File: ufop.png Graphic file (type png)
<use ufop.png>
Package pdftex.def Info: ufop.png  used on input line 878.
(pdftex.def)             Requested size: 40.99644pt x 76.82234pt.

Overfull \vbox (33.9827pt too high) detected at line 878
 []


Overfull \hbox (21.54718pt too wide) in alignment at lines 886--948
 [] [] [] [] 
 []

[23

]

[24]
File: brasao.png Graphic file (type png)
<use brasao.png>
Package pdftex.def Info: brasao.png  used on input line 954.
(pdftex.def)             Requested size: 75.90245pt x 76.82234pt.

Overfull \vbox (33.9827pt too high) detected at line 954
 []

File: ufop.png Graphic file (type png)
<use ufop.png>
Package pdftex.def Info: ufop.png  used on input line 956.
(pdftex.def)             Requested size: 40.99644pt x 76.82234pt.

Overfull \vbox (33.9827pt too high) detected at line 956
 []


Overfull \hbox (21.54718pt too wide) in alignment at lines 964--1026
 [] [] [] [] 
 []

[25

]

[26]
File: brasao.png Graphic file (type png)
<use brasao.png>
Package pdftex.def Info: brasao.png  used on input line 1032.
(pdftex.def)             Requested size: 75.90245pt x 76.82234pt.

Overfull \vbox (33.9827pt too high) detected at line 1032
 []

File: ufop.png Graphic file (type png)
<use ufop.png>
Package pdftex.def Info: ufop.png  used on input line 1034.
(pdftex.def)             Requested size: 40.99644pt x 76.82234pt.

Overfull \vbox (33.9827pt too high) detected at line 1034
 []


Overfull \hbox (21.54718pt too wide) in alignment at lines 1042--1104
 [] [] [] [] 
 []

[27

]

[28]
File: brasao.png Graphic file (type png)
<use brasao.png>
Package pdftex.def Info: brasao.png  used on input line 1110.
(pdftex.def)             Requested size: 75.90245pt x 76.82234pt.

Overfull \vbox (33.9827pt too high) detected at line 1110
 []

File: ufop.png Graphic file (type png)
<use ufop.png>
Package pdftex.def Info: ufop.png  used on input line 1112.
(pdftex.def)             Requested size: 40.99644pt x 76.82234pt.

Overfull \vbox (33.9827pt too high) detected at line 1112
 []


Overfull \hbox (21.54718pt too wide) in alignment at lines 1120--1182
 [] [] [] [] 
 []

[29

]

[30]
File: brasao.png Graphic file (type png)
<use brasao.png>
Package pdftex.def Info: brasao.png  used on input line 1188.
(pdftex.def)             Requested size: 75.90245pt x 76.82234pt.

Overfull \vbox (33.9827pt too high) detected at line 1188
 []

File: ufop.png Graphic file (type png)
<use ufop.png>
Package pdftex.def Info: ufop.png  used on input line 1190.
(pdftex.def)             Requested size: 40.99644pt x 76.82234pt.

Overfull \vbox (33.9827pt too high) detected at line 1190
 []


Overfull \hbox (21.54718pt too wide) in alignment at lines 1198--1253
 [] [] [] [] 
 []



[31

]
File: brasao.png Graphic file (type png)
<use brasao.png>
Package pdftex.def Info: brasao.png  used on input line 1259.
(pdftex.def)             Requested size: 75.90245pt x 76.82234pt.

Overfull \vbox (33.9827pt too high) detected at line 1259
 []

File: ufop.png Graphic file (type png)
<use ufop.png>
Package pdftex.def Info: ufop.png  used on input line 1261.
(pdftex.def)             Requested size: 40.99644pt x 76.82234pt.

Overfull \vbox (33.9827pt too high) detected at line 1261
 []


Overfull \hbox (21.54718pt too wide) in alignment at lines 1269--1331
 [] [] [] [] 
 []

[32

]

[33]
File: brasao.png Graphic file (type png)
<use brasao.png>
Package pdftex.def Info: brasao.png  used on input line 1337.
(pdftex.def)             Requested size: 75.90245pt x 76.82234pt.

Overfull \vbox (33.9827pt too high) detected at line 1337
 []

File: ufop.png Graphic file (type png)
<use ufop.png>
Package pdftex.def Info: ufop.png  used on input line 1339.
(pdftex.def)             Requested size: 40.99644pt x 76.82234pt.

Overfull \vbox (33.9827pt too high) detected at line 1339
 []


Overfull \hbox (21.54718pt too wide) in alignment at lines 1347--1409
 [] [] [] [] 
 []

[34

]

[35]
File: brasao.png Graphic file (type png)
<use brasao.png>
Package pdftex.def Info: brasao.png  used on input line 1415.
(pdftex.def)             Requested size: 75.90245pt x 76.82234pt.

Overfull \vbox (33.9827pt too high) detected at line 1415
 []

File: ufop.png Graphic file (type png)
<use ufop.png>
Package pdftex.def Info: ufop.png  used on input line 1417.
(pdftex.def)             Requested size: 40.99644pt x 76.82234pt.

Overfull \vbox (33.9827pt too high) detected at line 1417
 []


Overfull \hbox (21.54718pt too wide) in alignment at lines 1425--1487
 [] [] [] [] 
 []

[36

]

[37]
File: brasao.png Graphic file (type png)
<use brasao.png>
Package pdftex.def Info: brasao.png  used on input line 1493.
(pdftex.def)             Requested size: 75.90245pt x 76.82234pt.

Overfull \vbox (33.9827pt too high) detected at line 1493
 []

File: ufop.png Graphic file (type png)
<use ufop.png>
Package pdftex.def Info: ufop.png  used on input line 1495.
(pdftex.def)             Requested size: 40.99644pt x 76.82234pt.

Overfull \vbox (33.9827pt too high) detected at line 1495
 []


Overfull \hbox (21.54718pt too wide) in alignment at lines 1503--1565
 [] [] [] [] 
 []

[38

]

[39]
File: brasao.png Graphic file (type png)
<use brasao.png>
Package pdftex.def Info: brasao.png  used on input line 1571.
(pdftex.def)             Requested size: 75.90245pt x 76.82234pt.

Overfull \vbox (33.9827pt too high) detected at line 1571
 []

File: ufop.png Graphic file (type png)
<use ufop.png>
Package pdftex.def Info: ufop.png  used on input line 1573.
(pdftex.def)             Requested size: 40.99644pt x 76.82234pt.

Overfull \vbox (33.9827pt too high) detected at line 1573
 []


Overfull \hbox (21.54718pt too wide) in alignment at lines 1581--1643
 [] [] [] [] 
 []

[40

]

[41]
File: brasao.png Graphic file (type png)
<use brasao.png>
Package pdftex.def Info: brasao.png  used on input line 1649.
(pdftex.def)             Requested size: 75.90245pt x 76.82234pt.

Overfull \vbox (33.9827pt too high) detected at line 1649
 []

File: ufop.png Graphic file (type png)
<use ufop.png>
Package pdftex.def Info: ufop.png  used on input line 1651.
(pdftex.def)             Requested size: 40.99644pt x 76.82234pt.

Overfull \vbox (33.9827pt too high) detected at line 1651
 []


Overfull \hbox (21.54718pt too wide) in alignment at lines 1659--1721
 [] [] [] [] 
 []

[42

]

[43]
File: brasao.png Graphic file (type png)
<use brasao.png>
Package pdftex.def Info: brasao.png  used on input line 1727.
(pdftex.def)             Requested size: 75.90245pt x 76.82234pt.

Overfull \vbox (33.9827pt too high) detected at line 1727
 []

File: ufop.png Graphic file (type png)
<use ufop.png>
Package pdftex.def Info: ufop.png  used on input line 1729.
(pdftex.def)             Requested size: 40.99644pt x 76.82234pt.

Overfull \vbox (33.9827pt too high) detected at line 1729
 []


Overfull \hbox (21.54718pt too wide) in alignment at lines 1737--1799
 [] [] [] [] 
 []

[44

]

[45] (./disciplinas_bacharelado_IA.aux)
 ***********
LaTeX2e <2024-06-01> patch level 2
L3 programming layer <2024-10-09>
 ***********
 ) 
Here is how much of TeX's memory you used:
 3946 strings out of 473577
 64450 string characters out of 5732224
 489417 words of memory out of 5000000
 26827 multiletter control sequences out of 15000+600000
 564244 words of font info for 50 fonts, out of 8000000 for 9000
 1141 hyphenation exceptions out of 8191
 57i,12n,65p,485b,341s stack positions out of 10000i,1000n,20000p,200000b,200000s
<c:/texlive/2024/texmf-dist/fonts/type1/public/cm-super/sfbx1095.pfb><c:/texlive/2024/texmf-dist/fonts/type1/public/cm-super/sfbx1440.pfb><c:/texlive/2024/texmf-dist/fonts/type1/public/cm-super/sfrm1095.pfb>
Output written on disciplinas_bacharelado_IA.pdf (45 pages, 543673 bytes).
PDF statistics:
 176 PDF objects out of 1000 (max. 8388607)
 116 compressed objects within 2 object streams
 0 named destinations out of 1000 (max. 500000)
 11 words of extra memory for PDF output out of 10000 (max. 10000000)

